{
  "stats": {
    "suites": 1,
    "tests": 1,
    "passes": 0,
    "pending": 0,
    "failures": 1,
    "start": "2024-12-19T06:13:11.461Z",
    "end": "2024-12-19T06:13:22.854Z",
    "duration": 11393,
    "testsRegistered": 1,
    "passPercent": 0,
    "pendingPercent": 0,
    "other": 0,
    "hasOther": false,
    "skipped": 0,
    "hasSkipped": false
  },
  "results": [
    {
      "uuid": "7553bd74-130f-4edb-acc4-f0b264f5f214",
      "title": "",
      "fullFile": "cypress\\e2e\\contactus.cy.js",
      "file": "cypress\\e2e\\contactus.cy.js",
      "beforeHooks": [],
      "afterHooks": [],
      "tests": [],
      "suites": [
        {
          "uuid": "098b53da-ff9e-41cc-85e9-f96e825e14b1",
          "title": "Contact US Module",
          "fullFile": "",
          "file": "",
          "beforeHooks": [],
          "afterHooks": [],
          "tests": [
            {
              "title": "Valid login test scenario",
              "fullTitle": "Contact US Module Valid login test scenario",
              "timedOut": null,
              "duration": 11294,
              "state": "failed",
              "speed": null,
              "pass": false,
              "fail": true,
              "pending": false,
              "context": "{\n  \"title\": \"cypress-mochawesome-reporter-screenshots\",\n  \"value\": [\n    [\n      \"\\\\contactus.cy.js\\\\Contact US Module -- Valid login test scenario (failed).png\"\n    ]\n  ]\n}",
              "code": "contactus.connectwithus().click();\ncontactus.fullname().type(fullname);\ncontactus.companyname().type(companyname);\ncontactus.email().type(email); //Enter username\ncontactus.phone().type(phone); //Enter Password\ncontactus.howcanwehelpyou().type(howcanwehelpyou); //Enter Password\ncontactus.submitbtn().click();",
              "err": {
                "message": "TypeError: cy.get(...).should(...).should.be is not a function",
                "estack": "TypeError: cy.get(...).should(...).should.be is not a function\n    at Contactus.connectwithus (webpack:///./cypress/support/page-object/contactus.po.js:5:74)\n    at Context.eval (webpack:///./cypress/e2e/contactus.cy.js:18:14)",
                "diff": null
              },
              "uuid": "1c5cf63c-2b4e-4d2a-910f-38be8381a526",
              "parentUUID": "098b53da-ff9e-41cc-85e9-f96e825e14b1",
              "isHook": false,
              "skipped": false
            }
          ],
          "suites": [],
          "passes": [],
          "failures": [
            "1c5cf63c-2b4e-4d2a-910f-38be8381a526"
          ],
          "pending": [],
          "skipped": [],
          "duration": 11294,
          "root": false,
          "rootEmpty": false,
          "_timeout": 2000
        }
      ],
      "passes": [],
      "failures": [],
      "pending": [],
      "skipped": [],
      "duration": 0,
      "root": true,
      "rootEmpty": true,
      "_timeout": 2000
    }
  ],
  "meta": {
    "mocha": {
      "version": "7.0.1"
    },
    "mochawesome": {
      "options": {
        "quiet": false,
        "reportFilename": "report",
        "saveHtml": true,
        "saveJson": true,
        "consoleReporter": "spec",
        "useInlineDiffs": false,
        "code": true
      },
      "version": "7.1.3"
    },
    "marge": {
      "options": {
        "id": "default",
        "reportDir": "cypress/reports",
        "screenshotOnRunFailure": true,
        "reportFilename": "report",
        "overwrite": false,
        "html": true,
        "json": true,
        "charts": true
      },
      "version": "6.2.0"
    }
  }
}