{
  "stats": {
    "suites": 1,
    "tests": 1,
    "passes": 1,
    "pending": 0,
    "failures": 0,
    "start": "2024-12-23T07:59:20.053Z",
    "end": "2024-12-23T07:59:32.959Z",
    "duration": 12906,
    "testsRegistered": 1,
    "passPercent": 100,
    "pendingPercent": 0,
    "other": 0,
    "hasOther": false,
    "skipped": 0,
    "hasSkipped": false
  },
  "results": [
    {
      "uuid": "c77a87e8-a157-4a52-8ef5-d7d19a32e978",
      "title": "",
      "fullFile": "cypress\\e2e\\contactus.cy.js",
      "file": "cypress\\e2e\\contactus.cy.js",
      "beforeHooks": [],
      "afterHooks": [],
      "tests": [],
      "suites": [
        {
          "uuid": "4533e8e8-e4bd-49c4-b410-5e9a5ea9167e",
          "title": "Contact US Module",
          "fullFile": "",
          "file": "",
          "beforeHooks": [],
          "afterHooks": [],
          "tests": [
            {
              "title": "Valid login test scenario",
              "fullTitle": "Contact US Module Valid login test scenario",
              "timedOut": null,
              "duration": 12816,
              "state": "passed",
              "speed": "slow",
              "pass": true,
              "fail": false,
              "pending": false,
              "context": null,
              "code": "contactus.connectwithus();\ncontactus.fullname().type(selectedFullname);\n// contactus.fullname().type(fullname);\ncontactus.companyname().type(selectedCompanyname);\ncontactus.email().type(selectedEmail);\ncontactus.phone().type(selectedPhone);\ncontactus.howcanwehelpyou().type(selectedhowcanwehelpyou);\ncy.intercept('POST', 'https://qniverse.co.uk/wp-json/contact-form-7/v1/contact-forms/217/feedback').as('formSubmission'); // Replace with actual endpoint\ncontactus.submitbtn().click();\n// cy.submit('input[value=\"Submit\"]');\ncy.wait('@formSubmission').then(({\n  response\n}) => {\n  //   expect(response.body.message).to.eq('Your form has been submitted successfully.');\n  expect(response.body.message).to.eq('There was an error trying to send your message. Please try again later.');\n  expect(response.statusCode).to.eq(200);\n});",
              "err": {},
              "uuid": "6b623c27-705d-4eb9-aa56-a1331add50af",
              "parentUUID": "4533e8e8-e4bd-49c4-b410-5e9a5ea9167e",
              "isHook": false,
              "skipped": false
            }
          ],
          "suites": [],
          "passes": [
            "6b623c27-705d-4eb9-aa56-a1331add50af"
          ],
          "failures": [],
          "pending": [],
          "skipped": [],
          "duration": 12816,
          "root": false,
          "rootEmpty": false,
          "_timeout": 2000
        }
      ],
      "passes": [],
      "failures": [],
      "pending": [],
      "skipped": [],
      "duration": 0,
      "root": true,
      "rootEmpty": true,
      "_timeout": 2000
    }
  ],
  "meta": {
    "mocha": {
      "version": "7.0.1"
    },
    "mochawesome": {
      "options": {
        "quiet": false,
        "reportFilename": "report",
        "saveHtml": true,
        "saveJson": true,
        "consoleReporter": "spec",
        "useInlineDiffs": false,
        "code": true
      },
      "version": "7.1.3"
    },
    "marge": {
      "options": {
        "id": "default",
        "reportDir": "cypress/reports",
        "screenshotOnRunFailure": true,
        "reportFilename": "report",
        "overwrite": false,
        "html": true,
        "json": true,
        "charts": true
      },
      "version": "6.2.0"
    }
  }
}